<?xml version="1.0" encoding="UTF-8"?>
<hazelcast xsi:schemaLocation="http://www.hazelcast.com/schema/config hazelcast-basic.xsd"
           xmlns="http://www.hazelcast.com/schema/config"
           xmlns:xsi="http://www.w3.org/2001/XMLSchema-instance">
    <network>
        <port auto-increment="true">5701</port>
        <join>
            <multicast enabled="true">
                <multicast-group>224.2.2.3</multicast-group>
                <multicast-port>54327</multicast-port>
            </multicast>
        </join>
    </network>
<queue name="TEST" />
<map name="RUNNING_ORDERS" />
<multiMap name="ORDERS_PER_PEASANT" />
<list name="Members" />
</hazelcast>